<?xml version="1.0" encoding="utf-8"?>
<coverage line-rate="0.7968999999999999" branch-rate="0.7153" version="1.9" timestamp="1697723055" lines-covered="569" lines-valid="714" branches-covered="93" branches-valid="130">
  <sources>
    <source>C:\Users\Dmytro Melnyk\source\repos\kafka-lib\Pipeline.Kafka\</source>
  </sources>
  <packages>
    <package name="Pipeline.Kafka" line-rate="0.7968999999999999" branch-rate="0.7153" complexity="249">
      <classes>
        <class name="Pipeline.Kafka.SerDes.JsonDeserializer`1" filename="SerDes\JsonDeserializer.cs" line-rate="0.7777" branch-rate="0.5" complexity="3">
          <methods>
            <method name="Deserialize" signature="(System.ReadOnlySpan`1&lt;System.Byte&gt;,System.Boolean,Confluent.Kafka.SerializationContext)" line-rate="0.7142000000000001" branch-rate="0.5" complexity="2">
              <lines>
                <line number="14" hits="712" branch="False" />
                <line number="15" hits="712" branch="True" condition-coverage="50% (1/2)">
                  <conditions>
                    <condition number="4" type="jump" coverage="50%" />
                  </conditions>
                </line>
                <line number="16" hits="0" branch="False" />
                <line number="17" hits="0" branch="False" />
                <line number="20" hits="712" branch="False" />
                <line number="21" hits="712" branch="False" />
                <line number="22" hits="712" branch="False" />
              </lines>
            </method>
            <method name=".ctor" signature="(System.Text.Json.JsonSerializerOptions)" line-rate="1" branch-rate="1" complexity="1">
              <lines>
                <line number="10" hits="4" branch="False" />
                <line number="11" hits="4" branch="False" />
              </lines>
            </method>
          </methods>
          <lines>
            <line number="14" hits="712" branch="False" />
            <line number="15" hits="712" branch="True" condition-coverage="50% (1/2)">
              <conditions>
                <condition number="4" type="jump" coverage="50%" />
              </conditions>
            </line>
            <line number="16" hits="0" branch="False" />
            <line number="17" hits="0" branch="False" />
            <line number="20" hits="712" branch="False" />
            <line number="21" hits="712" branch="False" />
            <line number="22" hits="712" branch="False" />
            <line number="10" hits="4" branch="False" />
            <line number="11" hits="4" branch="False" />
          </lines>
        </class>
        <class name="Pipeline.Kafka.SerDes.JsonSerializer`1" filename="SerDes\JsonSerializer.cs" line-rate="1" branch-rate="1" complexity="3">
          <methods>
            <method name="Serialize" signature="(T,Confluent.Kafka.SerializationContext)" line-rate="1" branch-rate="1" complexity="2">
              <lines>
                <line number="15" hits="1430" branch="False" />
                <line number="16" hits="1430" branch="True" condition-coverage="100% (2/2)">
                  <conditions>
                    <condition number="12" type="jump" coverage="100%" />
                  </conditions>
                </line>
                <line number="17" hits="714" branch="False" />
                <line number="18" hits="714" branch="False" />
                <line number="21" hits="716" branch="False" />
                <line number="22" hits="1430" branch="False" />
              </lines>
            </method>
            <method name=".ctor" signature="(System.Text.Json.JsonSerializerOptions)" line-rate="1" branch-rate="1" complexity="1">
              <lines>
                <line number="11" hits="12" branch="False" />
                <line number="12" hits="12" branch="False" />
              </lines>
            </method>
          </methods>
          <lines>
            <line number="15" hits="1430" branch="False" />
            <line number="16" hits="1430" branch="True" condition-coverage="100% (2/2)">
              <conditions>
                <condition number="12" type="jump" coverage="100%" />
              </conditions>
            </line>
            <line number="17" hits="714" branch="False" />
            <line number="18" hits="714" branch="False" />
            <line number="21" hits="716" branch="False" />
            <line number="22" hits="1430" branch="False" />
            <line number="11" hits="12" branch="False" />
            <line number="12" hits="12" branch="False" />
          </lines>
        </class>
        <class name="Pipeline.Kafka.Router.KafkaRouter`2" filename="Router\KafkaRouter.cs" line-rate="0.8" branch-rate="1" complexity="7">
          <methods>
            <method name="PublishAsync" signature="(System.IServiceProvider,TValue,System.Threading.CancellationToken)" line-rate="1" branch-rate="1" complexity="1">
              <lines>
                <line number="43" hits="2" branch="False" />
              </lines>
            </method>
            <method name="PublishTombstoneAsync" signature="(System.IServiceProvider,TValue,System.Threading.CancellationToken)" line-rate="0" branch-rate="1" complexity="1">
              <lines>
                <line number="46" hits="0" branch="False" />
              </lines>
            </method>
            <method name="PublishAsync" signature="(System.IServiceProvider,TKey,TValue,System.Action`1&lt;Confluent.Kafka.Headers&gt;,System.Threading.CancellationToken)" line-rate="0" branch-rate="1" complexity="1">
              <lines>
                <line number="49" hits="0" branch="False" />
              </lines>
            </method>
            <method name="PublishAsync" signature="(System.IServiceProvider,TKey,TValue,Confluent.Kafka.Headers,System.Threading.CancellationToken)" line-rate="1" branch-rate="1" complexity="1">
              <lines>
                <line number="52" hits="1" branch="False" />
              </lines>
            </method>
            <method name="PublishTombstoneAsync" signature="(System.IServiceProvider,TKey,System.Action`1&lt;Confluent.Kafka.Headers&gt;,System.Threading.CancellationToken)" line-rate="0" branch-rate="1" complexity="1">
              <lines>
                <line number="55" hits="0" branch="False" />
              </lines>
            </method>
            <method name=".ctor" signature="(Pipeline.Kafka.Router.MessageConverter`2&lt;TKey,TValue&gt;,Pipeline.Kafka.Config.KafkaProducerOptions)" line-rate="1" branch-rate="1" complexity="1">
              <lines>
                <line number="35" hits="7" branch="False" />
                <line number="36" hits="7" branch="False" />
                <line number="37" hits="7" branch="False" />
                <line number="38" hits="10" branch="False" />
                <line number="39" hits="7" branch="False" />
                <line number="40" hits="7" branch="False" />
              </lines>
            </method>
            <method name=".cctor" signature="()" line-rate="1" branch-rate="1" complexity="1">
              <lines>
                <line number="26" hits="3" branch="False" />
                <line number="27" hits="3" branch="False" />
                <line number="28" hits="3" branch="False" />
                <line number="29" hits="3" branch="False" />
              </lines>
            </method>
          </methods>
          <lines>
            <line number="43" hits="2" branch="False" />
            <line number="46" hits="0" branch="False" />
            <line number="49" hits="0" branch="False" />
            <line number="52" hits="1" branch="False" />
            <line number="55" hits="0" branch="False" />
            <line number="35" hits="7" branch="False" />
            <line number="36" hits="7" branch="False" />
            <line number="37" hits="7" branch="False" />
            <line number="38" hits="10" branch="False" />
            <line number="39" hits="7" branch="False" />
            <line number="40" hits="7" branch="False" />
            <line number="26" hits="3" branch="False" />
            <line number="27" hits="3" branch="False" />
            <line number="28" hits="3" branch="False" />
            <line number="29" hits="3" branch="False" />
          </lines>
        </class>
        <class name="Pipeline.Kafka.Router.MessageConverter`2" filename="Router\MessageConverter.cs" line-rate="0.6153" branch-rate="1" complexity="15">
          <methods>
            <method name="ToTombstoneUsingKeySelector" signature="(TValue)" line-rate="0" branch-rate="1" complexity="1">
              <lines>
                <line number="18" hits="0" branch="False" />
              </lines>
            </method>
            <method name="ToTombstone" signature="(TKey,System.Action`1&lt;Confluent.Kafka.Headers&gt;)" line-rate="0" branch-rate="1" complexity="1">
              <lines>
                <line number="21" hits="0" branch="False" />
              </lines>
            </method>
            <method name="ToKafkaMessage" signature="(TValue)" line-rate="1" branch-rate="1" complexity="1">
              <lines>
                <line number="24" hits="4" branch="False" />
              </lines>
            </method>
            <method name="ToKafkaMessage" signature="(TKey,TValue,System.Action`1&lt;Confluent.Kafka.Headers&gt;)" line-rate="0" branch-rate="1" complexity="1">
              <lines>
                <line number="27" hits="0" branch="False" />
              </lines>
            </method>
            <method name="ToKafkaMessage" signature="(TKey,TValue,Confluent.Kafka.Headers,System.Nullable`1&lt;Confluent.Kafka.Timestamp&gt;)" line-rate="1" branch-rate="1" complexity="1">
              <lines>
                <line number="30" hits="1" branch="False" />
              </lines>
            </method>
            <method name="IgnoreKey" signature="(TValue)" line-rate="1" branch-rate="1" complexity="1">
              <lines>
                <line number="33" hits="1" branch="False" />
              </lines>
            </method>
            <method name="EmptyHeadersSelector" signature="(TValue,Confluent.Kafka.Headers)" line-rate="0" branch-rate="1" complexity="1">
              <lines>
                <line number="37" hits="0" branch="False" />
                <line number="39" hits="0" branch="False" />
              </lines>
            </method>
            <method name=".ctor" signature="(System.Func`2&lt;TValue,TKey&gt;,System.Action`2&lt;TValue,Confluent.Kafka.Headers&gt;)" line-rate="1" branch-rate="1" complexity="8">
              <lines>
                <line number="11" hits="7" branch="False" />
                <line number="12" hits="7" branch="False" />
                <line number="13" hits="7" branch="True" condition-coverage="100% (4/4)">
                  <conditions>
                    <condition number="11" type="jump" coverage="100%" />
                    <condition number="20" type="jump" coverage="100%" />
                  </conditions>
                </line>
                <line number="14" hits="7" branch="True" condition-coverage="100% (4/4)">
                  <conditions>
                    <condition number="49" type="jump" coverage="100%" />
                    <condition number="58" type="jump" coverage="100%" />
                  </conditions>
                </line>
                <line number="15" hits="7" branch="False" />
              </lines>
            </method>
          </methods>
          <lines>
            <line number="18" hits="0" branch="False" />
            <line number="21" hits="0" branch="False" />
            <line number="24" hits="4" branch="False" />
            <line number="27" hits="0" branch="False" />
            <line number="30" hits="1" branch="False" />
            <line number="33" hits="1" branch="False" />
            <line number="37" hits="0" branch="False" />
            <line number="39" hits="0" branch="False" />
            <line number="11" hits="7" branch="False" />
            <line number="12" hits="7" branch="False" />
            <line number="13" hits="7" branch="True" condition-coverage="100% (4/4)">
              <conditions>
                <condition number="11" type="jump" coverage="100%" />
                <condition number="20" type="jump" coverage="100%" />
              </conditions>
            </line>
            <line number="14" hits="7" branch="True" condition-coverage="100% (4/4)">
              <conditions>
                <condition number="49" type="jump" coverage="100%" />
                <condition number="58" type="jump" coverage="100%" />
              </conditions>
            </line>
            <line number="15" hits="7" branch="False" />
          </lines>
        </class>
        <class name="Pipeline.Kafka.Router.MessagePublisher" filename="Router\MessagePublisher.cs" line-rate="1" branch-rate="1" complexity="1">
          <methods>
            <method name=".ctor" signature="(System.IServiceProvider)" line-rate="1" branch-rate="1" complexity="1">
              <lines>
                <line number="10" hits="4" branch="False" />
              </lines>
            </method>
          </methods>
          <lines>
            <line number="10" hits="4" branch="False" />
          </lines>
        </class>
        <class name="Pipeline.Kafka.Router.MessagePublisher/&lt;&gt;c__DisplayClass2_1`1" filename="Router\MessagePublisher.cs" line-rate="1" branch-rate="1" complexity="1">
          <methods>
            <method name="&lt;PublishAsync&gt;b__0" signature="(Pipeline.Kafka.Router.IKafkaRouterByValue`1&lt;TValue&gt;)" line-rate="1" branch-rate="1" complexity="1">
              <lines>
                <line number="18" hits="4" branch="False" />
              </lines>
            </method>
          </methods>
          <lines>
            <line number="18" hits="4" branch="False" />
          </lines>
        </class>
        <class name="Pipeline.Kafka.Router.MessagePublisher/&lt;&gt;c__DisplayClass3_1`2" filename="Router\MessagePublisher.cs" line-rate="0" branch-rate="1" complexity="1">
          <methods>
            <method name="&lt;PublishAsync&gt;b__0" signature="(Pipeline.Kafka.Router.IKafkaRouter`2&lt;TKey,TValue&gt;)" line-rate="0" branch-rate="1" complexity="1">
              <lines>
                <line number="27" hits="0" branch="False" />
              </lines>
            </method>
          </methods>
          <lines>
            <line number="27" hits="0" branch="False" />
          </lines>
        </class>
        <class name="Pipeline.Kafka.Router.MessagePublisher/&lt;&gt;c__DisplayClass4_1`2" filename="Router\MessagePublisher.cs" line-rate="1" branch-rate="1" complexity="1">
          <methods>
            <method name="&lt;PublishAsync&gt;b__0" signature="(Pipeline.Kafka.Router.IKafkaRouter`2&lt;TKey,TValue&gt;)" line-rate="1" branch-rate="1" complexity="1">
              <lines>
                <line number="36" hits="2" branch="False" />
              </lines>
            </method>
          </methods>
          <lines>
            <line number="36" hits="2" branch="False" />
          </lines>
        </class>
        <class name="Pipeline.Kafka.Router.MessagePublisher/&lt;&gt;c__DisplayClass5_1`1" filename="Router\MessagePublisher.cs" line-rate="0" branch-rate="1" complexity="1">
          <methods>
            <method name="&lt;PublishTombstoneAsync&gt;b__0" signature="(Pipeline.Kafka.Router.IKafkaRouterByValue`1&lt;TValue&gt;)" line-rate="0" branch-rate="1" complexity="1">
              <lines>
                <line number="46" hits="0" branch="False" />
              </lines>
            </method>
          </methods>
          <lines>
            <line number="46" hits="0" branch="False" />
          </lines>
        </class>
        <class name="Pipeline.Kafka.Router.MessagePublisher/&lt;&gt;c__DisplayClass6_1`2" filename="Router\MessagePublisher.cs" line-rate="0" branch-rate="1" complexity="1">
          <methods>
            <method name="&lt;PublishTombstoneAsync&gt;b__0" signature="(Pipeline.Kafka.Router.IKafkaRouter`2&lt;TKey,TValue&gt;)" line-rate="0" branch-rate="1" complexity="1">
              <lines>
                <line number="55" hits="0" branch="False" />
              </lines>
            </method>
          </methods>
          <lines>
            <line number="55" hits="0" branch="False" />
          </lines>
        </class>
        <class name="Pipeline.Kafka.Router.MessagePublisher/&lt;PublishAsync&gt;d__2`1" filename="Router\MessagePublisher.cs" line-rate="1" branch-rate="1" complexity="1">
          <methods>
            <method name="MoveNext" signature="()" line-rate="1" branch-rate="1" complexity="1">
              <lines>
                <line number="13" hits="2" branch="False" />
                <line number="14" hits="2" branch="False" />
                <line number="15" hits="2" branch="False" />
                <line number="16" hits="2" branch="False" />
                <line number="17" hits="2" branch="False" />
                <line number="19" hits="2" branch="False" />
                <line number="20" hits="2" branch="False" />
              </lines>
            </method>
          </methods>
          <lines>
            <line number="13" hits="2" branch="False" />
            <line number="14" hits="2" branch="False" />
            <line number="15" hits="2" branch="False" />
            <line number="16" hits="2" branch="False" />
            <line number="17" hits="2" branch="False" />
            <line number="19" hits="2" branch="False" />
            <line number="20" hits="2" branch="False" />
          </lines>
        </class>
        <class name="Pipeline.Kafka.Router.MessagePublisher/&lt;PublishAsync&gt;d__3`2" filename="Router\MessagePublisher.cs" line-rate="0" branch-rate="1" complexity="1">
          <methods>
            <method name="MoveNext" signature="()" line-rate="0" branch-rate="1" complexity="1">
              <lines>
                <line number="23" hits="0" branch="False" />
                <line number="24" hits="0" branch="False" />
                <line number="25" hits="0" branch="False" />
                <line number="26" hits="0" branch="False" />
                <line number="28" hits="0" branch="False" />
                <line number="29" hits="0" branch="False" />
              </lines>
            </method>
          </methods>
          <lines>
            <line number="23" hits="0" branch="False" />
            <line number="24" hits="0" branch="False" />
            <line number="25" hits="0" branch="False" />
            <line number="26" hits="0" branch="False" />
            <line number="28" hits="0" branch="False" />
            <line number="29" hits="0" branch="False" />
          </lines>
        </class>
        <class name="Pipeline.Kafka.Router.MessagePublisher/&lt;PublishAsync&gt;d__4`2" filename="Router\MessagePublisher.cs" line-rate="1" branch-rate="1" complexity="1">
          <methods>
            <method name="MoveNext" signature="()" line-rate="1" branch-rate="1" complexity="1">
              <lines>
                <line number="32" hits="1" branch="False" />
                <line number="33" hits="1" branch="False" />
                <line number="34" hits="1" branch="False" />
                <line number="35" hits="1" branch="False" />
                <line number="37" hits="1" branch="False" />
                <line number="38" hits="1" branch="False" />
              </lines>
            </method>
          </methods>
          <lines>
            <line number="32" hits="1" branch="False" />
            <line number="33" hits="1" branch="False" />
            <line number="34" hits="1" branch="False" />
            <line number="35" hits="1" branch="False" />
            <line number="37" hits="1" branch="False" />
            <line number="38" hits="1" branch="False" />
          </lines>
        </class>
        <class name="Pipeline.Kafka.Router.MessagePublisher/&lt;PublishTombstoneAsync&gt;d__5`1" filename="Router\MessagePublisher.cs" line-rate="0" branch-rate="1" complexity="1">
          <methods>
            <method name="MoveNext" signature="()" line-rate="0" branch-rate="1" complexity="1">
              <lines>
                <line number="41" hits="0" branch="False" />
                <line number="42" hits="0" branch="False" />
                <line number="43" hits="0" branch="False" />
                <line number="44" hits="0" branch="False" />
                <line number="45" hits="0" branch="False" />
                <line number="47" hits="0" branch="False" />
                <line number="48" hits="0" branch="False" />
              </lines>
            </method>
          </methods>
          <lines>
            <line number="41" hits="0" branch="False" />
            <line number="42" hits="0" branch="False" />
            <line number="43" hits="0" branch="False" />
            <line number="44" hits="0" branch="False" />
            <line number="45" hits="0" branch="False" />
            <line number="47" hits="0" branch="False" />
            <line number="48" hits="0" branch="False" />
          </lines>
        </class>
        <class name="Pipeline.Kafka.Router.MessagePublisher/&lt;PublishTombstoneAsync&gt;d__6`2" filename="Router\MessagePublisher.cs" line-rate="0" branch-rate="1" complexity="1">
          <methods>
            <method name="MoveNext" signature="()" line-rate="0" branch-rate="1" complexity="1">
              <lines>
                <line number="51" hits="0" branch="False" />
                <line number="52" hits="0" branch="False" />
                <line number="53" hits="0" branch="False" />
                <line number="54" hits="0" branch="False" />
                <line number="56" hits="0" branch="False" />
                <line number="57" hits="0" branch="False" />
              </lines>
            </method>
          </methods>
          <lines>
            <line number="51" hits="0" branch="False" />
            <line number="52" hits="0" branch="False" />
            <line number="53" hits="0" branch="False" />
            <line number="54" hits="0" branch="False" />
            <line number="56" hits="0" branch="False" />
            <line number="57" hits="0" branch="False" />
          </lines>
        </class>
        <class name="Pipeline.Kafka.Pipeline.BatchDispatcherPipeline`2" filename="Pipeline\BatchDispatcherPipeline.cs" line-rate="1" branch-rate="1" complexity="7">
          <methods>
            <method name="Pipeline.Kafka.Pipeline.IChainOfResponsibility&lt;Pipeline.Kafka.IBatch&lt;Confluent.Kafka.ConsumeResult&lt;System.Byte[],System.Byte[]&gt;&gt;&gt;.ExecuteHandlerAsync" signature="(Pipeline.Kafka.IBatch`1&lt;Confluent.Kafka.ConsumeResult`2&lt;System.Byte[],System.Byte[]&gt;&gt;,System.Threading.CancellationToken)" line-rate="1" branch-rate="1" complexity="1">
              <lines>
                <line number="29" hits="2" branch="False" />
                <line number="30" hits="2" branch="False" />
                <line number="31" hits="2" branch="False" />
                <line number="32" hits="2" branch="False" />
              </lines>
            </method>
            <method name="Convert" signature="(Pipeline.Kafka.IBatch`1&lt;Confluent.Kafka.ConsumeResult`2&lt;System.Byte[],System.Byte[]&gt;&gt;)" line-rate="1" branch-rate="1" complexity="1">
              <lines>
                <line number="35" hits="2" branch="False" />
              </lines>
            </method>
            <method name="Convert" signature="(Confluent.Kafka.ConsumeResult`2&lt;System.Byte[],System.Byte[]&gt;)" line-rate="1" branch-rate="1" complexity="1">
              <lines>
                <line number="38" hits="7" branch="False" />
                <line number="39" hits="7" branch="False" />
                <line number="40" hits="7" branch="False" />
                <line number="41" hits="7" branch="False" />
                <line number="42" hits="7" branch="False" />
                <line number="43" hits="7" branch="False" />
                <line number="44" hits="7" branch="False" />
                <line number="45" hits="7" branch="False" />
                <line number="46" hits="7" branch="False" />
                <line number="47" hits="7" branch="False" />
              </lines>
            </method>
            <method name="ExecuteAsync" signature="(Pipeline.Kafka.IBatch`1&lt;Confluent.Kafka.ConsumeResult`2&lt;System.Byte[],System.Byte[]&gt;&gt;,System.Threading.CancellationToken)" line-rate="1" branch-rate="1" complexity="1">
              <lines>
                <line number="50" hits="2" branch="False" />
              </lines>
            </method>
            <method name="ExecuteAsync" signature="(Pipeline.Kafka.IBatch`1&lt;Pipeline.Kafka.IKafkaConsumeResult`2&lt;TKey,TValue&gt;&gt;,System.Threading.CancellationToken)" line-rate="1" branch-rate="1" complexity="1">
              <lines>
                <line number="53" hits="2" branch="False" />
              </lines>
            </method>
            <method name="Pipeline.Kafka.Pipeline.IChainOfResponsibility&lt;Pipeline.Kafka.IBatch&lt;Pipeline.Kafka.IKafkaConsumeResult&lt;TKey,TValue&gt;&gt;&gt;.ExecuteHandlerAsync" signature="(Pipeline.Kafka.IBatch`1&lt;Pipeline.Kafka.IKafkaConsumeResult`2&lt;TKey,TValue&gt;&gt;,System.Threading.CancellationToken)" line-rate="1" branch-rate="1" complexity="1">
              <lines>
                <line number="56" hits="4" branch="False" />
              </lines>
            </method>
            <method name=".ctor" signature="(System.Collections.Generic.IEnumerable`1&lt;Pipeline.Kafka.IBatchPipelineLink`1&lt;Confluent.Kafka.ConsumeResult`2&lt;System.Byte[],System.Byte[]&gt;&gt;&gt;,Confluent.Kafka.IDeserializer`1&lt;TKey&gt;,Confluent.Kafka.IDeserializer`1&lt;TValue&gt;,System.Collections.Generic.IEnumerable`1&lt;Pipeline.Kafka.IBatchPipelineLink`2&lt;TKey,TValue&gt;&gt;,System.Collections.Generic.IEnumerable`1&lt;Pipeline.Kafka.IBatchMessageHandler`2&lt;TKey,TValue&gt;&gt;)" line-rate="1" branch-rate="1" complexity="1">
              <lines>
                <line number="14" hits="2" branch="False" />
                <line number="15" hits="2" branch="False" />
                <line number="16" hits="2" branch="False" />
                <line number="17" hits="2" branch="False" />
                <line number="18" hits="2" branch="False" />
                <line number="19" hits="2" branch="False" />
                <line number="20" hits="2" branch="False" />
                <line number="21" hits="2" branch="False" />
                <line number="22" hits="2" branch="False" />
                <line number="23" hits="2" branch="False" />
                <line number="24" hits="2" branch="False" />
                <line number="25" hits="2" branch="False" />
                <line number="26" hits="2" branch="False" />
              </lines>
            </method>
          </methods>
          <lines>
            <line number="29" hits="2" branch="False" />
            <line number="30" hits="2" branch="False" />
            <line number="31" hits="2" branch="False" />
            <line number="32" hits="2" branch="False" />
            <line number="35" hits="2" branch="False" />
            <line number="38" hits="7" branch="False" />
            <line number="39" hits="7" branch="False" />
            <line number="40" hits="7" branch="False" />
            <line number="41" hits="7" branch="False" />
            <line number="42" hits="7" branch="False" />
            <line number="43" hits="7" branch="False" />
            <line number="44" hits="7" branch="False" />
            <line number="45" hits="7" branch="False" />
            <line number="46" hits="7" branch="False" />
            <line number="47" hits="7" branch="False" />
            <line number="50" hits="2" branch="False" />
            <line number="53" hits="2" branch="False" />
            <line number="56" hits="4" branch="False" />
            <line number="14" hits="2" branch="False" />
            <line number="15" hits="2" branch="False" />
            <line number="16" hits="2" branch="False" />
            <line number="17" hits="2" branch="False" />
            <line number="18" hits="2" branch="False" />
            <line number="19" hits="2" branch="False" />
            <line number="20" hits="2" branch="False" />
            <line number="21" hits="2" branch="False" />
            <line number="22" hits="2" branch="False" />
            <line number="23" hits="2" branch="False" />
            <line number="24" hits="2" branch="False" />
            <line number="25" hits="2" branch="False" />
            <line number="26" hits="2" branch="False" />
          </lines>
        </class>
        <class name="Pipeline.Kafka.Pipeline.DispatcherPipeline`2" filename="Pipeline\DispatcherPipeline.cs" line-rate="1" branch-rate="1" complexity="6">
          <methods>
            <method name="Pipeline.Kafka.Pipeline.IChainOfResponsibility&lt;Confluent.Kafka.ConsumeResult&lt;System.Byte[],System.Byte[]&gt;&gt;.ExecuteHandlerAsync" signature="(Confluent.Kafka.ConsumeResult`2&lt;System.Byte[],System.Byte[]&gt;,System.Threading.CancellationToken)" line-rate="1" branch-rate="1" complexity="1">
              <lines>
                <line number="29" hits="705" branch="False" />
                <line number="30" hits="705" branch="False" />
                <line number="31" hits="705" branch="False" />
                <line number="32" hits="705" branch="False" />
              </lines>
            </method>
            <method name="Convert" signature="(Confluent.Kafka.ConsumeResult`2&lt;System.Byte[],System.Byte[]&gt;)" line-rate="1" branch-rate="1" complexity="1">
              <lines>
                <line number="35" hits="705" branch="False" />
                <line number="36" hits="705" branch="False" />
                <line number="37" hits="705" branch="False" />
                <line number="38" hits="705" branch="False" />
                <line number="39" hits="705" branch="False" />
                <line number="40" hits="705" branch="False" />
                <line number="41" hits="705" branch="False" />
                <line number="42" hits="705" branch="False" />
                <line number="43" hits="705" branch="False" />
                <line number="44" hits="705" branch="False" />
              </lines>
            </method>
            <method name="ExecuteAsync" signature="(Confluent.Kafka.ConsumeResult`2&lt;System.Byte[],System.Byte[]&gt;,System.Threading.CancellationToken)" line-rate="1" branch-rate="1" complexity="1">
              <lines>
                <line number="47" hits="705" branch="False" />
              </lines>
            </method>
            <method name="ExecuteAsync" signature="(Pipeline.Kafka.IKafkaConsumeResult`2&lt;TKey,TValue&gt;,System.Threading.CancellationToken)" line-rate="1" branch-rate="1" complexity="1">
              <lines>
                <line number="50" hits="705" branch="False" />
              </lines>
            </method>
            <method name="Pipeline.Kafka.Pipeline.IChainOfResponsibility&lt;Pipeline.Kafka.IKafkaConsumeResult&lt;TKey,TValue&gt;&gt;.ExecuteHandlerAsync" signature="(Pipeline.Kafka.IKafkaConsumeResult`2&lt;TKey,TValue&gt;,System.Threading.CancellationToken)" line-rate="1" branch-rate="1" complexity="1">
              <lines>
                <line number="53" hits="1408" branch="False" />
              </lines>
            </method>
            <method name=".ctor" signature="(System.Collections.Generic.IEnumerable`1&lt;Pipeline.Kafka.IPipelineLink`1&lt;Confluent.Kafka.ConsumeResult`2&lt;System.Byte[],System.Byte[]&gt;&gt;&gt;,Confluent.Kafka.IDeserializer`1&lt;TKey&gt;,Confluent.Kafka.IDeserializer`1&lt;TValue&gt;,System.Collections.Generic.IEnumerable`1&lt;Pipeline.Kafka.IPipelineLink`2&lt;TKey,TValue&gt;&gt;,System.Collections.Generic.IEnumerable`1&lt;Pipeline.Kafka.IMessageHandler`2&lt;TKey,TValue&gt;&gt;)" line-rate="1" branch-rate="1" complexity="1">
              <lines>
                <line number="14" hits="706" branch="False" />
                <line number="15" hits="706" branch="False" />
                <line number="16" hits="706" branch="False" />
                <line number="17" hits="706" branch="False" />
                <line number="18" hits="706" branch="False" />
                <line number="19" hits="706" branch="False" />
                <line number="20" hits="706" branch="False" />
                <line number="21" hits="706" branch="False" />
                <line number="22" hits="706" branch="False" />
                <line number="23" hits="706" branch="False" />
                <line number="24" hits="706" branch="False" />
                <line number="25" hits="706" branch="False" />
                <line number="26" hits="706" branch="False" />
              </lines>
            </method>
          </methods>
          <lines>
            <line number="29" hits="705" branch="False" />
            <line number="30" hits="705" branch="False" />
            <line number="31" hits="705" branch="False" />
            <line number="32" hits="705" branch="False" />
            <line number="35" hits="705" branch="False" />
            <line number="36" hits="705" branch="False" />
            <line number="37" hits="705" branch="False" />
            <line number="38" hits="705" branch="False" />
            <line number="39" hits="705" branch="False" />
            <line number="40" hits="705" branch="False" />
            <line number="41" hits="705" branch="False" />
            <line number="42" hits="705" branch="False" />
            <line number="43" hits="705" branch="False" />
            <line number="44" hits="705" branch="False" />
            <line number="47" hits="705" branch="False" />
            <line number="50" hits="705" branch="False" />
            <line number="53" hits="1408" branch="False" />
            <line number="14" hits="706" branch="False" />
            <line number="15" hits="706" branch="False" />
            <line number="16" hits="706" branch="False" />
            <line number="17" hits="706" branch="False" />
            <line number="18" hits="706" branch="False" />
            <line number="19" hits="706" branch="False" />
            <line number="20" hits="706" branch="False" />
            <line number="21" hits="706" branch="False" />
            <line number="22" hits="706" branch="False" />
            <line number="23" hits="706" branch="False" />
            <line number="24" hits="706" branch="False" />
            <line number="25" hits="706" branch="False" />
            <line number="26" hits="706" branch="False" />
          </lines>
        </class>
        <class name="Pipeline.Kafka.Pipeline.IChainOfResponsibility`1/&lt;&gt;c__DisplayClass0_0" filename="Pipeline\IChainOfResponsibility.cs" line-rate="1" branch-rate="1" complexity="1">
          <methods>
            <method name="&lt;ExecuteAsyncImpl&gt;b__0" signature="()" line-rate="1" branch-rate="1" complexity="1">
              <lines>
                <line number="9" hits="4231" branch="False" />
              </lines>
            </method>
          </methods>
          <lines>
            <line number="9" hits="4231" branch="False" />
          </lines>
        </class>
        <class name="Pipeline.Kafka.Pipeline.IChainOfResponsibility`1/&lt;ExecuteAsyncImpl&gt;d__0" filename="Pipeline\IChainOfResponsibility.cs" line-rate="1" branch-rate="1" complexity="2">
          <methods>
            <method name="MoveNext" signature="()" line-rate="1" branch-rate="1" complexity="2">
              <lines>
                <line number="6" hits="3536" branch="False" />
                <line number="7" hits="3536" branch="True" condition-coverage="100% (2/2)">
                  <conditions>
                    <condition number="126" type="jump" coverage="100%" />
                  </conditions>
                </line>
                <line number="8" hits="2116" branch="False" />
                <line number="10" hits="2116" branch="False" />
                <line number="12" hits="1420" branch="False" />
                <line number="13" hits="1420" branch="False" />
                <line number="14" hits="1420" branch="False" />
                <line number="15" hits="3536" branch="False" />
              </lines>
            </method>
          </methods>
          <lines>
            <line number="6" hits="3536" branch="False" />
            <line number="7" hits="3536" branch="True" condition-coverage="100% (2/2)">
              <conditions>
                <condition number="126" type="jump" coverage="100%" />
              </conditions>
            </line>
            <line number="8" hits="2116" branch="False" />
            <line number="10" hits="2116" branch="False" />
            <line number="12" hits="1420" branch="False" />
            <line number="13" hits="1420" branch="False" />
            <line number="14" hits="1420" branch="False" />
            <line number="15" hits="3536" branch="False" />
          </lines>
        </class>
        <class name="Pipeline.Kafka.Pipeline.RouterPipeline`2" filename="Pipeline\RouterPipeline.cs" line-rate="1" branch-rate="1" complexity="6">
          <methods>
            <method name="PublishAsync" signature="(Pipeline.Kafka.IKafkaMessage`2&lt;TKey,TValue&gt;,System.Threading.CancellationToken)" line-rate="1" branch-rate="1" complexity="1">
              <lines>
                <line number="33" hits="3" branch="False" />
              </lines>
            </method>
            <method name="Pipeline.Kafka.Pipeline.IChainOfResponsibility&lt;Pipeline.Kafka.IKafkaMessage&lt;TKey,TValue&gt;&gt;.ExecuteHandlerAsync" signature="(Pipeline.Kafka.IKafkaMessage`2&lt;TKey,TValue&gt;,System.Threading.CancellationToken)" line-rate="1" branch-rate="1" complexity="1">
              <lines>
                <line number="36" hits="3" branch="False" />
                <line number="37" hits="3" branch="False" />
                <line number="38" hits="3" branch="False" />
                <line number="39" hits="3" branch="False" />
              </lines>
            </method>
            <method name="Convert" signature="(Pipeline.Kafka.IKafkaMessage`2&lt;TKey,TValue&gt;)" line-rate="1" branch-rate="1" complexity="1">
              <lines>
                <line number="41" hits="3" branch="False" />
                <line number="42" hits="3" branch="False" />
                <line number="43" hits="3" branch="False" />
                <line number="44" hits="3" branch="False" />
                <line number="45" hits="3" branch="False" />
                <line number="46" hits="3" branch="False" />
              </lines>
            </method>
            <method name="ExecuteAsync" signature="(Confluent.Kafka.Message`2&lt;System.Byte[],System.Byte[]&gt;,System.Threading.CancellationToken)" line-rate="1" branch-rate="1" complexity="1">
              <lines>
                <line number="49" hits="3" branch="False" />
              </lines>
            </method>
            <method name="Pipeline.Kafka.Pipeline.IChainOfResponsibility&lt;Confluent.Kafka.Message&lt;System.Byte[],System.Byte[]&gt;&gt;.ExecuteHandlerAsync" signature="(Confluent.Kafka.Message`2&lt;System.Byte[],System.Byte[]&gt;,System.Threading.CancellationToken)" line-rate="1" branch-rate="1" complexity="1">
              <lines>
                <line number="52" hits="3" branch="False" />
              </lines>
            </method>
            <method name=".ctor" signature="(Pipeline.Kafka.Config.KafkaProducerOptions,System.Collections.Generic.IEnumerable`1&lt;Pipeline.Kafka.IMessagePipelineLink`2&lt;TKey,TValue&gt;&gt;,Confluent.Kafka.ISerializer`1&lt;TKey&gt;,Confluent.Kafka.ISerializer`1&lt;TValue&gt;,System.Collections.Generic.IEnumerable`1&lt;Pipeline.Kafka.IPipelineLink`1&lt;Confluent.Kafka.Message`2&lt;System.Byte[],System.Byte[]&gt;&gt;&gt;,Pipeline.Kafka.Client.IProducerFactory)" line-rate="1" branch-rate="1" complexity="1">
              <lines>
                <line number="16" hits="3" branch="False" />
                <line number="17" hits="3" branch="False" />
                <line number="18" hits="3" branch="False" />
                <line number="19" hits="3" branch="False" />
                <line number="20" hits="3" branch="False" />
                <line number="21" hits="3" branch="False" />
                <line number="22" hits="3" branch="False" />
                <line number="23" hits="3" branch="False" />
                <line number="24" hits="3" branch="False" />
                <line number="25" hits="3" branch="False" />
                <line number="26" hits="3" branch="False" />
                <line number="27" hits="3" branch="False" />
                <line number="28" hits="3" branch="False" />
                <line number="29" hits="3" branch="False" />
                <line number="30" hits="3" branch="False" />
              </lines>
            </method>
          </methods>
          <lines>
            <line number="33" hits="3" branch="False" />
            <line number="36" hits="3" branch="False" />
            <line number="37" hits="3" branch="False" />
            <line number="38" hits="3" branch="False" />
            <line number="39" hits="3" branch="False" />
            <line number="41" hits="3" branch="False" />
            <line number="42" hits="3" branch="False" />
            <line number="43" hits="3" branch="False" />
            <line number="44" hits="3" branch="False" />
            <line number="45" hits="3" branch="False" />
            <line number="46" hits="3" branch="False" />
            <line number="49" hits="3" branch="False" />
            <line number="52" hits="3" branch="False" />
            <line number="16" hits="3" branch="False" />
            <line number="17" hits="3" branch="False" />
            <line number="18" hits="3" branch="False" />
            <line number="19" hits="3" branch="False" />
            <line number="20" hits="3" branch="False" />
            <line number="21" hits="3" branch="False" />
            <line number="22" hits="3" branch="False" />
            <line number="23" hits="3" branch="False" />
            <line number="24" hits="3" branch="False" />
            <line number="25" hits="3" branch="False" />
            <line number="26" hits="3" branch="False" />
            <line number="27" hits="3" branch="False" />
            <line number="28" hits="3" branch="False" />
            <line number="29" hits="3" branch="False" />
            <line number="30" hits="3" branch="False" />
          </lines>
        </class>
        <class name="Pipeline.Kafka.PipelineLinks.BatchCompactedLink`3" filename="PipelineLinks\BatchCompactedLink.cs" line-rate="0.9285" branch-rate="0.9285" complexity="14">
          <methods>
            <method name="RunAsync" signature="(Pipeline.Kafka.IBatch`1&lt;Pipeline.Kafka.IKafkaConsumeResult`2&lt;TKey,TValue&gt;&gt;,System.Func`1&lt;System.Threading.Tasks.Task&gt;,System.Threading.CancellationToken)" line-rate="0.9" branch-rate="0.9166" complexity="12">
              <lines>
                <line number="21" hits="1" branch="False" />
                <line number="22" hits="1" branch="True" condition-coverage="50% (1/2)">
                  <conditions>
                    <condition number="34" type="jump" coverage="50%" />
                  </conditions>
                </line>
                <line number="23" hits="0" branch="False" />
                <line number="24" hits="0" branch="False" />
                <line number="27" hits="1" branch="True" condition-coverage="100% (8/8)">
                  <conditions>
                    <condition number="79" type="jump" coverage="100%" />
                    <condition number="110" type="jump" coverage="100%" />
                    <condition number="141" type="jump" coverage="100%" />
                    <condition number="183" type="jump" coverage="100%" />
                  </conditions>
                </line>
                <line number="28" hits="13" branch="False" />
                <line number="29" hits="29" branch="False" />
                <line number="30" hits="3" branch="False" />
                <line number="31" hits="1" branch="False" />
                <line number="32" hits="1" branch="False" />
                <line number="34" hits="1" branch="False" />
                <line number="35" hits="10" branch="False" />
                <line number="36" hits="1" branch="False" />
                <line number="38" hits="23" branch="True" condition-coverage="100% (2/2)">
                  <conditions>
                    <condition number="291" type="jump" coverage="100%" />
                  </conditions>
                </line>
                <line number="39" hits="10" branch="False" />
                <line number="40" hits="10" branch="False" />
                <line number="41" hits="10" branch="False" />
                <line number="43" hits="1" branch="False" />
                <line number="45" hits="1" branch="False" />
                <line number="46" hits="1" branch="False" />
              </lines>
            </method>
            <method name=".ctor" signature="(Microsoft.Extensions.Logging.ILogger`1&lt;Pipeline.Kafka.IBatchPipelineLink`2&lt;TKey,TValue&gt;&gt;,System.Func`2&lt;Pipeline.Kafka.IKafkaMessage`2&lt;TKey,TValue&gt;,TCompactionKey&gt;,System.Collections.Generic.IEqualityComparer`1&lt;TCompactionKey&gt;)" line-rate="1" branch-rate="1" complexity="2">
              <lines>
                <line number="11" hits="1" branch="False" />
                <line number="12" hits="1" branch="False" />
                <line number="13" hits="1" branch="False" />
                <line number="14" hits="1" branch="False" />
                <line number="15" hits="1" branch="True" condition-coverage="100% (2/2)">
                  <conditions>
                    <condition number="14" type="jump" coverage="100%" />
                  </conditions>
                </line>
                <line number="16" hits="1" branch="False" />
                <line number="17" hits="1" branch="False" />
                <line number="18" hits="1" branch="False" />
              </lines>
            </method>
          </methods>
          <lines>
            <line number="21" hits="1" branch="False" />
            <line number="22" hits="1" branch="True" condition-coverage="50% (1/2)">
              <conditions>
                <condition number="34" type="jump" coverage="50%" />
              </conditions>
            </line>
            <line number="23" hits="0" branch="False" />
            <line number="24" hits="0" branch="False" />
            <line number="27" hits="1" branch="True" condition-coverage="100% (8/8)">
              <conditions>
                <condition number="79" type="jump" coverage="100%" />
                <condition number="110" type="jump" coverage="100%" />
                <condition number="141" type="jump" coverage="100%" />
                <condition number="183" type="jump" coverage="100%" />
              </conditions>
            </line>
            <line number="28" hits="13" branch="False" />
            <line number="29" hits="29" branch="False" />
            <line number="30" hits="3" branch="False" />
            <line number="31" hits="1" branch="False" />
            <line number="32" hits="1" branch="False" />
            <line number="34" hits="1" branch="False" />
            <line number="35" hits="10" branch="False" />
            <line number="36" hits="1" branch="False" />
            <line number="38" hits="23" branch="True" condition-coverage="100% (2/2)">
              <conditions>
                <condition number="291" type="jump" coverage="100%" />
              </conditions>
            </line>
            <line number="39" hits="10" branch="False" />
            <line number="40" hits="10" branch="False" />
            <line number="41" hits="10" branch="False" />
            <line number="43" hits="1" branch="False" />
            <line number="45" hits="1" branch="False" />
            <line number="46" hits="1" branch="False" />
            <line number="11" hits="1" branch="False" />
            <line number="12" hits="1" branch="False" />
            <line number="13" hits="1" branch="False" />
            <line number="14" hits="1" branch="False" />
            <line number="15" hits="1" branch="True" condition-coverage="100% (2/2)">
              <conditions>
                <condition number="14" type="jump" coverage="100%" />
              </conditions>
            </line>
            <line number="16" hits="1" branch="False" />
            <line number="17" hits="1" branch="False" />
            <line number="18" hits="1" branch="False" />
          </lines>
        </class>
        <class name="Pipeline.Kafka.Extensions.ActivatorUtilitiesEx" filename="Extensions\ActivatorUtilitiesEx.cs" line-rate="0.4545" branch-rate="1" complexity="2">
          <methods>
            <method name="CreateFactory" signature="()" line-rate="1" branch-rate="1" complexity="1">
              <lines>
                <line number="8" hits="11" branch="False" />
                <line number="9" hits="11" branch="False" />
                <line number="10" hits="11" branch="False" />
                <line number="11" hits="11" branch="False" />
                <line number="12" hits="11" branch="False" />
                <line number="14" hits="722" branch="False" />
                <line number="15" hits="722" branch="False" />
                <line number="16" hits="722" branch="False" />
                <line number="17" hits="722" branch="False" />
                <line number="18" hits="11" branch="False" />
              </lines>
            </method>
            <method name="CreateFactory" signature="()" line-rate="0" branch-rate="1" complexity="1">
              <lines>
                <line number="21" hits="0" branch="False" />
                <line number="22" hits="0" branch="False" />
                <line number="23" hits="0" branch="False" />
                <line number="24" hits="0" branch="False" />
                <line number="25" hits="0" branch="False" />
                <line number="26" hits="0" branch="False" />
                <line number="28" hits="0" branch="False" />
                <line number="29" hits="0" branch="False" />
                <line number="30" hits="0" branch="False" />
                <line number="31" hits="0" branch="False" />
                <line number="32" hits="0" branch="False" />
                <line number="33" hits="0" branch="False" />
              </lines>
            </method>
          </methods>
          <lines>
            <line number="8" hits="11" branch="False" />
            <line number="9" hits="11" branch="False" />
            <line number="10" hits="11" branch="False" />
            <line number="11" hits="11" branch="False" />
            <line number="12" hits="11" branch="False" />
            <line number="14" hits="722" branch="False" />
            <line number="15" hits="722" branch="False" />
            <line number="16" hits="722" branch="False" />
            <line number="17" hits="722" branch="False" />
            <line number="18" hits="11" branch="False" />
            <line number="21" hits="0" branch="False" />
            <line number="22" hits="0" branch="False" />
            <line number="23" hits="0" branch="False" />
            <line number="24" hits="0" branch="False" />
            <line number="25" hits="0" branch="False" />
            <line number="26" hits="0" branch="False" />
            <line number="28" hits="0" branch="False" />
            <line number="29" hits="0" branch="False" />
            <line number="30" hits="0" branch="False" />
            <line number="31" hits="0" branch="False" />
            <line number="32" hits="0" branch="False" />
            <line number="33" hits="0" branch="False" />
          </lines>
        </class>
        <class name="Pipeline.Kafka.Extensions.ConsumerExtensions" filename="Extensions\ConsumerExtensions.cs" line-rate="1" branch-rate="1" complexity="4">
          <methods>
            <method name="ConsumeBatch" signature="(Confluent.Kafka.IConsumer`2&lt;TKey,TValue&gt;,System.Int32,System.Threading.CancellationToken)" line-rate="1" branch-rate="1" complexity="4">
              <lines>
                <line number="9" hits="674" branch="False" />
                <line number="10" hits="674" branch="False" />
                <line number="11" hits="674" branch="True" condition-coverage="100% (2/2)">
                  <conditions>
                    <condition number="65" type="jump" coverage="100%" />
                  </conditions>
                </line>
                <line number="12" hits="674" branch="False" />
                <line number="13" hits="9" branch="False" />
                <line number="14" hits="674" branch="False" />
                <line number="15" hits="683" branch="True" condition-coverage="100% (2/2)">
                  <conditions>
                    <condition number="1" type="jump" coverage="100%" />
                  </conditions>
                </line>
                <line number="16" hits="674" branch="False" />
                <line number="17" hits="674" branch="False" />
              </lines>
            </method>
          </methods>
          <lines>
            <line number="9" hits="674" branch="False" />
            <line number="10" hits="674" branch="False" />
            <line number="11" hits="674" branch="True" condition-coverage="100% (2/2)">
              <conditions>
                <condition number="65" type="jump" coverage="100%" />
              </conditions>
            </line>
            <line number="12" hits="674" branch="False" />
            <line number="13" hits="9" branch="False" />
            <line number="14" hits="674" branch="False" />
            <line number="15" hits="683" branch="True" condition-coverage="100% (2/2)">
              <conditions>
                <condition number="1" type="jump" coverage="100%" />
              </conditions>
            </line>
            <line number="16" hits="674" branch="False" />
            <line number="17" hits="674" branch="False" />
          </lines>
        </class>
        <class name="Pipeline.Kafka.Extensions.HeadersExtenstions" filename="Extensions\HeadersExtenstions.cs" line-rate="0.7142000000000001" branch-rate="0.5" complexity="5">
          <methods>
            <method name="Add" signature="(Confluent.Kafka.Headers,System.String,System.String)" line-rate="1" branch-rate="1" complexity="1">
              <lines>
                <line number="10" hits="1429" branch="False" />
                <line number="11" hits="1429" branch="False" />
                <line number="12" hits="1429" branch="False" />
                <line number="13" hits="1429" branch="False" />
              </lines>
            </method>
            <method name="TypeOf" signature="(Confluent.Kafka.Headers,T,System.String)" line-rate="0" branch-rate="1" complexity="1">
              <lines>
                <line number="16" hits="0" branch="False" />
              </lines>
            </method>
            <method name="Version" signature="(Confluent.Kafka.Headers,System.String,System.String)" line-rate="0" branch-rate="1" complexity="1">
              <lines>
                <line number="19" hits="0" branch="False" />
              </lines>
            </method>
            <method name="TryGetValue" signature="(Confluent.Kafka.Headers,System.String,System.String&amp;)" line-rate="0.75" branch-rate="0.5" complexity="2">
              <lines>
                <line number="22" hits="2847" branch="False" />
                <line number="23" hits="2847" branch="True" condition-coverage="50% (1/2)">
                  <conditions>
                    <condition number="12" type="jump" coverage="50%" />
                  </conditions>
                </line>
                <line number="24" hits="2847" branch="False" />
                <line number="25" hits="2847" branch="False" />
                <line number="26" hits="2847" branch="False" />
                <line number="29" hits="0" branch="False" />
                <line number="30" hits="0" branch="False" />
                <line number="31" hits="2847" branch="False" />
              </lines>
            </method>
          </methods>
          <lines>
            <line number="10" hits="1429" branch="False" />
            <line number="11" hits="1429" branch="False" />
            <line number="12" hits="1429" branch="False" />
            <line number="13" hits="1429" branch="False" />
            <line number="16" hits="0" branch="False" />
            <line number="19" hits="0" branch="False" />
            <line number="22" hits="2847" branch="False" />
            <line number="23" hits="2847" branch="True" condition-coverage="50% (1/2)">
              <conditions>
                <condition number="12" type="jump" coverage="50%" />
              </conditions>
            </line>
            <line number="24" hits="2847" branch="False" />
            <line number="25" hits="2847" branch="False" />
            <line number="26" hits="2847" branch="False" />
            <line number="29" hits="0" branch="False" />
            <line number="30" hits="0" branch="False" />
            <line number="31" hits="2847" branch="False" />
          </lines>
        </class>
        <class name="Pipeline.Kafka.Extensions.IConfigurationOptionsExtensions" filename="Extensions\IConfigurationOptionsExtensions.cs" line-rate="1" branch-rate="1" complexity="24">
          <methods>
            <method name="GetKafkaOptions" signature="(Microsoft.Extensions.Configuration.IConfiguration,System.String)" line-rate="1" branch-rate="1" complexity="8">
              <lines>
                <line number="9" hits="9" branch="False" />
                <line number="10" hits="9" branch="True" condition-coverage="100% (2/2)">
                  <conditions>
                    <condition number="13" type="jump" coverage="100%" />
                  </conditions>
                </line>
                <line number="12" hits="9" branch="False" />
                <line number="13" hits="9" branch="False" />
                <line number="14" hits="9" branch="False" />
                <line number="15" hits="79" branch="False" />
                <line number="16" hits="9" branch="False" />
                <line number="18" hits="9" branch="False" />
                <line number="19" hits="9" branch="False" />
                <line number="20" hits="9" branch="False" />
                <line number="21" hits="9" branch="False" />
                <line number="22" hits="9" branch="False" />
                <line number="24" hits="106" branch="True" condition-coverage="100% (4/4)">
                  <conditions>
                    <condition number="140" type="jump" coverage="100%" />
                    <condition number="17" type="jump" coverage="100%" />
                  </conditions>
                </line>
                <line number="26" hits="9" branch="False" />
                <line number="27" hits="9" branch="False" />
                <line number="28" hits="9" branch="False" />
                <line number="30" hits="9" branch="True" condition-coverage="100% (2/2)">
                  <conditions>
                    <condition number="197" type="jump" coverage="100%" />
                  </conditions>
                </line>
                <line number="31" hits="9" branch="False" />
                <line number="32" hits="9" branch="False" />
                <line number="33" hits="9" branch="False" />
                <line number="34" hits="18" branch="False" />
                <line number="35" hits="9" branch="False" />
              </lines>
            </method>
            <method name="GetDefaultValuesForExistingTopics" signature="(System.Collections.Generic.Dictionary`2&lt;System.String,System.String&gt;)" line-rate="1" branch-rate="1" complexity="12">
              <lines>
                <line number="38" hits="18" branch="False" />
                <line number="39" hits="18" branch="True" condition-coverage="100% (2/2)">
                  <conditions>
                    <condition number="13" type="jump" coverage="100%" />
                  </conditions>
                </line>
                <line number="40" hits="2" branch="False" />
                <line number="41" hits="2" branch="False" />
                <line number="44" hits="1659" branch="True" condition-coverage="100% (6/6)">
                  <conditions>
                    <condition number="50" type="jump" coverage="100%" />
                    <condition number="81" type="jump" coverage="100%" />
                    <condition number="112" type="jump" coverage="100%" />
                  </conditions>
                </line>
                <line number="45" hits="16" branch="True" condition-coverage="100% (4/4)">
                  <conditions>
                    <condition number="173" type="jump" coverage="100%" />
                    <condition number="209" type="jump" coverage="100%" />
                  </conditions>
                </line>
                <line number="46" hits="16" branch="False" />
                <line number="47" hits="34" branch="False" />
                <line number="48" hits="17" branch="False" />
                <line number="49" hits="51" branch="False" />
                <line number="50" hits="18" branch="False" />
              </lines>
            </method>
            <method name="Substitute" signature="(System.Collections.Generic.Dictionary`2&lt;System.String,System.String&gt;,System.String)" line-rate="1" branch-rate="1" complexity="4">
              <lines>
                <line number="53" hits="79" branch="False" />
                <line number="54" hits="79" branch="True" condition-coverage="100% (2/2)">
                  <conditions>
                    <condition number="7" type="jump" coverage="100%" />
                  </conditions>
                </line>
                <line number="55" hits="36" branch="False" />
                <line number="56" hits="36" branch="False" />
                <line number="59" hits="43" branch="True" condition-coverage="100% (2/2)">
                  <conditions>
                    <condition number="20" type="jump" coverage="100%" />
                  </conditions>
                </line>
                <line number="60" hits="40" branch="False" />
                <line number="61" hits="40" branch="False" />
                <line number="64" hits="6" branch="False" />
                <line number="65" hits="79" branch="False" />
              </lines>
            </method>
          </methods>
          <lines>
            <line number="9" hits="9" branch="False" />
            <line number="10" hits="9" branch="True" condition-coverage="100% (2/2)">
              <conditions>
                <condition number="13" type="jump" coverage="100%" />
              </conditions>
            </line>
            <line number="12" hits="9" branch="False" />
            <line number="13" hits="9" branch="False" />
            <line number="14" hits="9" branch="False" />
            <line number="15" hits="79" branch="False" />
            <line number="16" hits="9" branch="False" />
            <line number="18" hits="9" branch="False" />
            <line number="19" hits="9" branch="False" />
            <line number="20" hits="9" branch="False" />
            <line number="21" hits="9" branch="False" />
            <line number="22" hits="9" branch="False" />
            <line number="24" hits="106" branch="True" condition-coverage="100% (4/4)">
              <conditions>
                <condition number="140" type="jump" coverage="100%" />
                <condition number="17" type="jump" coverage="100%" />
              </conditions>
            </line>
            <line number="26" hits="9" branch="False" />
            <line number="27" hits="9" branch="False" />
            <line number="28" hits="9" branch="False" />
            <line number="30" hits="9" branch="True" condition-coverage="100% (2/2)">
              <conditions>
                <condition number="197" type="jump" coverage="100%" />
              </conditions>
            </line>
            <line number="31" hits="9" branch="False" />
            <line number="32" hits="9" branch="False" />
            <line number="33" hits="9" branch="False" />
            <line number="34" hits="18" branch="False" />
            <line number="35" hits="9" branch="False" />
            <line number="38" hits="18" branch="False" />
            <line number="39" hits="18" branch="True" condition-coverage="100% (2/2)">
              <conditions>
                <condition number="13" type="jump" coverage="100%" />
              </conditions>
            </line>
            <line number="40" hits="2" branch="False" />
            <line number="41" hits="2" branch="False" />
            <line number="44" hits="1659" branch="True" condition-coverage="100% (6/6)">
              <conditions>
                <condition number="50" type="jump" coverage="100%" />
                <condition number="81" type="jump" coverage="100%" />
                <condition number="112" type="jump" coverage="100%" />
              </conditions>
            </line>
            <line number="45" hits="16" branch="True" condition-coverage="100% (4/4)">
              <conditions>
                <condition number="173" type="jump" coverage="100%" />
                <condition number="209" type="jump" coverage="100%" />
              </conditions>
            </line>
            <line number="46" hits="16" branch="False" />
            <line number="47" hits="34" branch="False" />
            <line number="48" hits="17" branch="False" />
            <line number="49" hits="51" branch="False" />
            <line number="50" hits="18" branch="False" />
            <line number="53" hits="79" branch="False" />
            <line number="54" hits="79" branch="True" condition-coverage="100% (2/2)">
              <conditions>
                <condition number="7" type="jump" coverage="100%" />
              </conditions>
            </line>
            <line number="55" hits="36" branch="False" />
            <line number="56" hits="36" branch="False" />
            <line number="59" hits="43" branch="True" condition-coverage="100% (2/2)">
              <conditions>
                <condition number="20" type="jump" coverage="100%" />
              </conditions>
            </line>
            <line number="60" hits="40" branch="False" />
            <line number="61" hits="40" branch="False" />
            <line number="64" hits="6" branch="False" />
            <line number="65" hits="79" branch="False" />
          </lines>
        </class>
        <class name="Pipeline.Kafka.Extensions.IEnumerableExtensions" filename="Extensions\IEnumerableExtensions.cs" line-rate="1" branch-rate="1" complexity="2">
          <methods>
            <method name="ToReadOnlyBatch" signature="(System.Collections.Generic.IEnumerable`1&lt;T&gt;)" line-rate="1" branch-rate="1" complexity="1">
              <lines>
                <line number="7" hits="674" branch="False" />
              </lines>
            </method>
            <method name="ToBatch" signature="(System.Collections.Generic.IEnumerable`1&lt;T&gt;)" line-rate="1" branch-rate="1" complexity="1">
              <lines>
                <line number="9" hits="6" branch="False" />
              </lines>
            </method>
          </methods>
          <lines>
            <line number="7" hits="674" branch="False" />
            <line number="9" hits="6" branch="False" />
          </lines>
        </class>
        <class name="Pipeline.Kafka.Extensions.IEnumerableExtensions/Batch`1" filename="Extensions\IEnumerableExtensions.cs" line-rate="0.909" branch-rate="1" complexity="7">
          <methods>
            <method name="get_Item" signature="(System.Int32)" line-rate="1" branch-rate="1" complexity="1">
              <lines>
                <line number="21" hits="10" branch="False" />
              </lines>
            </method>
            <method name="get_IsReadOnly" signature="()" line-rate="1" branch-rate="1" complexity="1">
              <lines>
                <line number="23" hits="2" branch="False" />
              </lines>
            </method>
            <method name="get_Count" signature="()" line-rate="1" branch-rate="1" complexity="1">
              <lines>
                <line number="25" hits="7" branch="False" />
              </lines>
            </method>
            <method name="GetEnumerator" signature="()" line-rate="1" branch-rate="1" complexity="1">
              <lines>
                <line number="27" hits="1345" branch="False" />
              </lines>
            </method>
            <method name="RemoveAt" signature="(System.Int32)" line-rate="1" branch-rate="1" complexity="1">
              <lines>
                <line number="29" hits="12" branch="False" />
              </lines>
            </method>
            <method name="System.Collections.IEnumerable.GetEnumerator" signature="()" line-rate="0" branch-rate="1" complexity="1">
              <lines>
                <line number="31" hits="0" branch="False" />
              </lines>
            </method>
            <method name=".ctor" signature="(System.Collections.Generic.IList`1&lt;T&gt;)" line-rate="1" branch-rate="1" complexity="1">
              <lines>
                <line number="15" hits="680" branch="False" />
                <line number="16" hits="680" branch="False" />
                <line number="17" hits="680" branch="False" />
                <line number="18" hits="680" branch="False" />
                <line number="19" hits="680" branch="False" />
              </lines>
            </method>
          </methods>
          <lines>
            <line number="21" hits="10" branch="False" />
            <line number="23" hits="2" branch="False" />
            <line number="25" hits="7" branch="False" />
            <line number="27" hits="1345" branch="False" />
            <line number="29" hits="12" branch="False" />
            <line number="31" hits="0" branch="False" />
            <line number="15" hits="680" branch="False" />
            <line number="16" hits="680" branch="False" />
            <line number="17" hits="680" branch="False" />
            <line number="18" hits="680" branch="False" />
            <line number="19" hits="680" branch="False" />
          </lines>
        </class>
        <class name="Pipeline.Kafka.Extensions.MessageFactory" filename="Extensions\MessageFactory.cs" line-rate="0.9615" branch-rate="0.75" complexity="7">
          <methods>
            <method name="CreateKafkaMessage" signature="(TKey,T,System.Action`1&lt;Confluent.Kafka.Headers&gt;,System.Nullable`1&lt;Confluent.Kafka.Timestamp&gt;)" line-rate="1" branch-rate="1" complexity="2">
              <lines>
                <line number="8" hits="2" branch="False" />
                <line number="9" hits="2" branch="False" />
                <line number="10" hits="2" branch="True" condition-coverage="100% (2/2)">
                  <conditions>
                    <condition number="8" type="jump" coverage="100%" />
                  </conditions>
                </line>
                <line number="11" hits="2" branch="False" />
                <line number="12" hits="2" branch="False" />
              </lines>
            </method>
            <method name="CreateKafkaMessage" signature="(TKey,T,Confluent.Kafka.Headers,Confluent.Kafka.Timestamp)" line-rate="1" branch-rate="1" complexity="1">
              <lines>
                <line number="14" hits="3" branch="False" />
                <line number="15" hits="3" branch="False" />
                <line number="16" hits="3" branch="False" />
                <line number="17" hits="3" branch="False" />
                <line number="18" hits="3" branch="False" />
                <line number="19" hits="3" branch="False" />
                <line number="20" hits="3" branch="False" />
              </lines>
            </method>
            <method name="CreateKafkaMessage" signature="(T,System.Action`1&lt;Confluent.Kafka.Headers&gt;)" line-rate="0" branch-rate="1" complexity="1">
              <lines>
                <line number="23" hits="0" branch="False" />
              </lines>
            </method>
            <method name="CreateKafkaConsumeResult" signature="(TKey,T,System.Action`1&lt;Confluent.Kafka.Headers&gt;,System.Nullable`1&lt;Confluent.Kafka.Timestamp&gt;,Confluent.Kafka.TopicPartitionOffset)" line-rate="1" branch-rate="0.5" complexity="2">
              <lines>
                <line number="26" hits="13" branch="False" />
                <line number="27" hits="13" branch="False" />
                <line number="28" hits="13" branch="True" condition-coverage="50% (1/2)">
                  <conditions>
                    <condition number="8" type="jump" coverage="50%" />
                  </conditions>
                </line>
                <line number="29" hits="13" branch="False" />
                <line number="30" hits="13" branch="False" />
              </lines>
            </method>
            <method name="CreateKafkaConsumeResult" signature="(TKey,T,Confluent.Kafka.Headers,Confluent.Kafka.Timestamp,Confluent.Kafka.TopicPartitionOffset)" line-rate="1" branch-rate="1" complexity="1">
              <lines>
                <line number="32" hits="725" branch="False" />
                <line number="33" hits="725" branch="False" />
                <line number="34" hits="725" branch="False" />
                <line number="35" hits="725" branch="False" />
                <line number="36" hits="725" branch="False" />
                <line number="37" hits="725" branch="False" />
                <line number="38" hits="725" branch="False" />
                <line number="39" hits="725" branch="False" />
              </lines>
            </method>
          </methods>
          <lines>
            <line number="8" hits="2" branch="False" />
            <line number="9" hits="2" branch="False" />
            <line number="10" hits="2" branch="True" condition-coverage="100% (2/2)">
              <conditions>
                <condition number="8" type="jump" coverage="100%" />
              </conditions>
            </line>
            <line number="11" hits="2" branch="False" />
            <line number="12" hits="2" branch="False" />
            <line number="14" hits="3" branch="False" />
            <line number="15" hits="3" branch="False" />
            <line number="16" hits="3" branch="False" />
            <line number="17" hits="3" branch="False" />
            <line number="18" hits="3" branch="False" />
            <line number="19" hits="3" branch="False" />
            <line number="20" hits="3" branch="False" />
            <line number="23" hits="0" branch="False" />
            <line number="26" hits="13" branch="False" />
            <line number="27" hits="13" branch="False" />
            <line number="28" hits="13" branch="True" condition-coverage="50% (1/2)">
              <conditions>
                <condition number="8" type="jump" coverage="50%" />
              </conditions>
            </line>
            <line number="29" hits="13" branch="False" />
            <line number="30" hits="13" branch="False" />
            <line number="32" hits="725" branch="False" />
            <line number="33" hits="725" branch="False" />
            <line number="34" hits="725" branch="False" />
            <line number="35" hits="725" branch="False" />
            <line number="36" hits="725" branch="False" />
            <line number="37" hits="725" branch="False" />
            <line number="38" hits="725" branch="False" />
            <line number="39" hits="725" branch="False" />
          </lines>
        </class>
        <class name="Pipeline.Kafka.Extensions.MessageFactory/KafkaMessage`2" filename="Extensions\MessageFactory.cs" line-rate="1" branch-rate="1" complexity="4">
          <methods>
            <method name="get_Key" signature="()" line-rate="1" branch-rate="1" complexity="1">
              <lines>
                <line number="45" hits="735" branch="False" />
              </lines>
            </method>
            <method name="get_Headers" signature="()" line-rate="1" branch-rate="1" complexity="1">
              <lines>
                <line number="50" hits="738" branch="False" />
              </lines>
            </method>
            <method name="get_Value" signature="()" line-rate="1" branch-rate="1" complexity="1">
              <lines>
                <line number="55" hits="983" branch="False" />
              </lines>
            </method>
            <method name="get_Timestamp" signature="()" line-rate="1" branch-rate="1" complexity="1">
              <lines>
                <line number="60" hits="728" branch="False" />
              </lines>
            </method>
          </methods>
          <lines>
            <line number="45" hits="735" branch="False" />
            <line number="50" hits="738" branch="False" />
            <line number="55" hits="983" branch="False" />
            <line number="60" hits="728" branch="False" />
          </lines>
        </class>
        <class name="Pipeline.Kafka.Extensions.MessageFactory/KafkaConsumeResult`2" filename="Extensions\MessageFactory.cs" line-rate="1" branch-rate="1" complexity="1">
          <methods>
            <method name="get_TopicPartitionOffset" signature="()" line-rate="1" branch-rate="1" complexity="1">
              <lines>
                <line number="68" hits="736" branch="False" />
              </lines>
            </method>
          </methods>
          <lines>
            <line number="68" hits="736" branch="False" />
          </lines>
        </class>
        <class name="Pipeline.Kafka.Extensions.ServiceCollectionExtensions" filename="Extensions\ServiceCollectionExtensions.cs" line-rate="1" branch-rate="1" complexity="1">
          <methods>
            <method name="AddKafkaMessagingFor" signature="(Microsoft.Extensions.DependencyInjection.IServiceCollection,Microsoft.Extensions.Configuration.IConfigurationSection)" line-rate="1" branch-rate="1" complexity="1">
              <lines>
                <line number="14" hits="6" branch="False" />
                <line number="15" hits="6" branch="False" />
                <line number="17" hits="6" branch="False" />
                <line number="18" hits="6" branch="False" />
                <line number="19" hits="6" branch="False" />
                <line number="20" hits="6" branch="False" />
                <line number="21" hits="6" branch="False" />
                <line number="22" hits="6" branch="False" />
                <line number="23" hits="6" branch="False" />
                <line number="25" hits="6" branch="False" />
                <line number="26" hits="6" branch="False" />
                <line number="27" hits="6" branch="False" />
                <line number="28" hits="6" branch="False" />
                <line number="29" hits="6" branch="False" />
[...]
                <line number="29" hits="0" branch="False" />
                <line number="30" hits="0" branch="False" />
                <line number="31" hits="0" branch="False" />
              </lines>
            </method>
            <method name=".ctor" signature="()" line-rate="0" branch-rate="1" complexity="1">
              <lines>
                <line number="9" hits="0" branch="False" />
              </lines>
            </method>
          </methods>
          <lines>
            <line number="12" hits="0" branch="False" />
            <line number="13" hits="0" branch="False" />
            <line number="14" hits="0" branch="False" />
            <line number="15" hits="0" branch="False" />
            <line number="16" hits="0" branch="False" />
            <line number="17" hits="0" branch="False" />
            <line number="18" hits="0" branch="False" />
            <line number="20" hits="0" branch="False" />
            <line number="21" hits="0" branch="False" />
            <line number="22" hits="0" branch="False" />
            <line number="25" hits="0" branch="False" />
            <line number="26" hits="0" branch="True" condition-coverage="0% (0/2)">
              <conditions>
                <condition number="45" type="jump" coverage="0%" />
              </conditions>
            </line>
            <line number="27" hits="0" branch="False" />
            <line number="28" hits="0" branch="False" />
            <line number="29" hits="0" branch="False" />
            <line number="30" hits="0" branch="False" />
            <line number="31" hits="0" branch="False" />
            <line number="9" hits="0" branch="False" />
          </lines>
        </class>
        <class name="Pipeline.Kafka.Client.KafkaBatchMessageProvider" filename="Client\KafkaBatchMessageProvider.cs" line-rate="0.8" branch-rate="1" complexity="2">
          <methods>
            <method name="ExecuteAsync" signature="(System.Threading.CancellationToken)" line-rate="0.7058" branch-rate="1" complexity="1">
              <lines>
                <line number="28" hits="1" branch="False" />
                <line number="29" hits="1" branch="False" />
                <line number="30" hits="1" branch="False" />
                <line number="31" hits="1" branch="False" />
                <line number="32" hits="1343" branch="False" />
                <line number="33" hits="670" branch="False" />
                <line number="34" hits="1" branch="False" />
                <line number="35" hits="670" branch="False" />
                <line number="36" hits="670" branch="False" />
                <line number="37" hits="670" branch="False" />
                <line number="38" hits="0" branch="False" />
                <line number="39" hits="0" branch="False" />
                <line number="40" hits="0" branch="False" />
                <line number="41" hits="0" branch="False" />
                <line number="42" hits="0" branch="False" />
                <line number="43" hits="670" branch="False" />
                <line number="44" hits="2" branch="False" />
              </lines>
            </method>
            <method name=".ctor" signature="(Pipeline.Kafka.Config.KafkaConsumerOptions,System.Int32,Pipeline.Kafka.Client.IConsumerFactory,Pipeline.Kafka.Dispatcher.KafkaMessageDispatcher,Microsoft.Extensions.Logging.ILogger`1&lt;Pipeline.Kafka.Client.KafkaMessageProvider&gt;)" line-rate="1" branch-rate="1" complexity="1">
              <lines>
                <line number="19" hits="2" branch="False" />
                <line number="20" hits="2" branch="False" />
                <line number="21" hits="2" branch="False" />
                <line number="22" hits="2" branch="False" />
                <line number="23" hits="2" branch="False" />
                <line number="24" hits="2" branch="False" />
                <line number="25" hits="2" branch="False" />
                <line number="26" hits="2" branch="False" />
              </lines>
            </method>
          </methods>
          <lines>
            <line number="28" hits="1" branch="False" />
            <line number="29" hits="1" branch="False" />
            <line number="30" hits="1" branch="False" />
            <line number="31" hits="1" branch="False" />
            <line number="32" hits="1343" branch="False" />
            <line number="33" hits="670" branch="False" />
            <line number="34" hits="1" branch="False" />
            <line number="35" hits="670" branch="False" />
            <line number="36" hits="670" branch="False" />
            <line number="37" hits="670" branch="False" />
            <line number="38" hits="0" branch="False" />
            <line number="39" hits="0" branch="False" />
            <line number="40" hits="0" branch="False" />
            <line number="41" hits="0" branch="False" />
            <line number="42" hits="0" branch="False" />
            <line number="43" hits="670" branch="False" />
            <line number="44" hits="2" branch="False" />
            <line number="19" hits="2" branch="False" />
            <line number="20" hits="2" branch="False" />
            <line number="21" hits="2" branch="False" />
            <line number="22" hits="2" branch="False" />
            <line number="23" hits="2" branch="False" />
            <line number="24" hits="2" branch="False" />
            <line number="25" hits="2" branch="False" />
            <line number="26" hits="2" branch="False" />
          </lines>
        </class>
        <class name="Pipeline.Kafka.Client.KafkaBatchMessageProvider/&lt;GetMessageBatches&gt;d__7" filename="Client\KafkaBatchMessageProvider.cs" line-rate="1" branch-rate="1" complexity="4">
          <methods>
            <method name="MoveNext" signature="()" line-rate="1" branch-rate="1" complexity="4">
              <lines>
                <line number="47" hits="1" branch="False" />
                <line number="48" hits="1" branch="False" />
                <line number="50" hits="671" branch="True" condition-coverage="100% (2/2)">
                  <conditions>
                    <condition number="269" type="jump" coverage="100%" />
                  </conditions>
                </line>
                <line number="51" hits="670" branch="False" />
                <line number="52" hits="670" branch="False" />
                <line number="53" hits="670" branch="False" />
                <line number="54" hits="2024" branch="True" condition-coverage="100% (2/2)">
                  <conditions>
                    <condition number="213" type="jump" coverage="100%" />
                  </conditions>
                </line>
                <line number="55" hits="7" branch="False" />
                <line number="56" hits="7" branch="False" />
                <line number="57" hits="7" branch="False" />
                <line number="58" hits="670" branch="False" />
                <line number="60" hits="1" branch="False" />
                <line number="61" hits="1" branch="False" />
              </lines>
            </method>
          </methods>
          <lines>
            <line number="47" hits="1" branch="False" />
            <line number="48" hits="1" branch="False" />
            <line number="50" hits="671" branch="True" condition-coverage="100% (2/2)">
              <conditions>
                <condition number="269" type="jump" coverage="100%" />
              </conditions>
            </line>
            <line number="51" hits="670" branch="False" />
            <line number="52" hits="670" branch="False" />
            <line number="53" hits="670" branch="False" />
            <line number="54" hits="2024" branch="True" condition-coverage="100% (2/2)">
              <conditions>
                <condition number="213" type="jump" coverage="100%" />
              </conditions>
            </line>
            <line number="55" hits="7" branch="False" />
            <line number="56" hits="7" branch="False" />
            <line number="57" hits="7" branch="False" />
            <line number="58" hits="670" branch="False" />
            <line number="60" hits="1" branch="False" />
            <line number="61" hits="1" branch="False" />
          </lines>
        </class>
        <class name="Pipeline.Kafka.Client.KafkaBatchMessageProvider/&lt;&gt;c__DisplayClass6_0/&lt;&lt;ExecuteAsync&gt;b__0&gt;d" filename="Client\KafkaBatchMessageProvider.cs" line-rate="1" branch-rate="1" complexity="2">
          <methods />
          <lines />
        </class>
        <class name="Pipeline.Kafka.Client.KafkaMessageProvider" filename="Client\KafkaMessageProvider.cs" line-rate="0.826" branch-rate="1" complexity="2">
          <methods>
            <method name="ExecuteAsync" signature="(System.Threading.CancellationToken)" line-rate="0.75" branch-rate="1" complexity="1">
              <lines>
                <line number="25" hits="6" branch="False" />
                <line number="26" hits="6" branch="False" />
                <line number="27" hits="6" branch="False" />
                <line number="28" hits="6" branch="False" />
                <line number="29" hits="1428" branch="False" />
                <line number="30" hits="705" branch="False" />
                <line number="31" hits="6" branch="False" />
                <line number="32" hits="705" branch="False" />
                <line number="33" hits="705" branch="False" />
                <line number="34" hits="705" branch="False" />
                <line number="35" hits="0" branch="False" />
                <line number="36" hits="0" branch="False" />
                <line number="37" hits="0" branch="False" />
                <line number="38" hits="0" branch="False" />
                <line number="39" hits="705" branch="False" />
                <line number="40" hits="12" branch="False" />
              </lines>
            </method>
            <method name=".ctor" signature="(Pipeline.Kafka.Config.KafkaConsumerOptions,Pipeline.Kafka.Client.IConsumerFactory,Pipeline.Kafka.Dispatcher.KafkaMessageDispatcher,Microsoft.Extensions.Logging.ILogger`1&lt;Pipeline.Kafka.Client.KafkaMessageProvider&gt;)" line-rate="1" branch-rate="1" complexity="1">
              <lines>
                <line number="17" hits="11" branch="False" />
                <line number="18" hits="11" branch="False" />
                <line number="19" hits="11" branch="False" />
                <line number="20" hits="11" branch="False" />
                <line number="21" hits="11" branch="False" />
                <line number="22" hits="11" branch="False" />
                <line number="23" hits="11" branch="False" />
              </lines>
            </method>
          </methods>
          <lines>
            <line number="25" hits="6" branch="False" />
            <line number="26" hits="6" branch="False" />
            <line number="27" hits="6" branch="False" />
            <line number="28" hits="6" branch="False" />
            <line number="29" hits="1428" branch="False" />
            <line number="30" hits="705" branch="False" />
            <line number="31" hits="6" branch="False" />
            <line number="32" hits="705" branch="False" />
            <line number="33" hits="705" branch="False" />
            <line number="34" hits="705" branch="False" />
            <line number="35" hits="0" branch="False" />
            <line number="36" hits="0" branch="False" />
            <line number="37" hits="0" branch="False" />
            <line number="38" hits="0" branch="False" />
            <line number="39" hits="705" branch="False" />
            <line number="40" hits="12" branch="False" />
            <line number="17" hits="11" branch="False" />
            <line number="18" hits="11" branch="False" />
            <line number="19" hits="11" branch="False" />
            <line number="20" hits="11" branch="False" />
            <line number="21" hits="11" branch="False" />
            <line number="22" hits="11" branch="False" />
            <line number="23" hits="11" branch="False" />
          </lines>
        </class>
        <class name="Pipeline.Kafka.Client.KafkaMessageProvider/&lt;GetMessages&gt;d__6" filename="Client\KafkaMessageProvider.cs" line-rate="1" branch-rate="1" complexity="2">
          <methods>
            <method name="MoveNext" signature="()" line-rate="1" branch-rate="1" complexity="2">
              <lines>
                <line number="43" hits="6" branch="False" />
                <line number="44" hits="6" branch="False" />
                <line number="46" hits="711" branch="True" condition-coverage="100% (2/2)">
                  <conditions>
                    <condition number="166" type="jump" coverage="100%" />
                  </conditions>
                </line>
                <line number="47" hits="705" branch="False" />
                <line number="48" hits="705" branch="False" />
                <line number="49" hits="705" branch="False" />
                <line number="50" hits="705" branch="False" />
                <line number="51" hits="705" branch="False" />
                <line number="53" hits="6" branch="False" />
                <line number="54" hits="6" branch="False" />
              </lines>
            </method>
          </methods>
          <lines>
            <line number="43" hits="6" branch="False" />
            <line number="44" hits="6" branch="False" />
            <line number="46" hits="711" branch="True" condition-coverage="100% (2/2)">
              <conditions>
                <condition number="166" type="jump" coverage="100%" />
              </conditions>
            </line>
            <line number="47" hits="705" branch="False" />
            <line number="48" hits="705" branch="False" />
            <line number="49" hits="705" branch="False" />
            <line number="50" hits="705" branch="False" />
            <line number="51" hits="705" branch="False" />
            <line number="53" hits="6" branch="False" />
            <line number="54" hits="6" branch="False" />
          </lines>
        </class>
        <class name="Pipeline.Kafka.Client.KafkaMessageProvider/&lt;&gt;c__DisplayClass5_0/&lt;&lt;ExecuteAsync&gt;b__0&gt;d" filename="Client\KafkaMessageProvider.cs" line-rate="1" branch-rate="1" complexity="2">
          <methods />
          <lines />
        </class>
        <class name="Pipeline.Kafka.Client.ProducerFactory" filename="Client\ProducerFactory.cs" line-rate="0" branch-rate="0" complexity="4">
          <methods>
            <method name="GetProducerLazy" signature="(Pipeline.Kafka.Config.KafkaProducerOptions)" line-rate="0" branch-rate="1" complexity="1">
              <lines>
                <line number="12" hits="0" branch="False" />
                <line number="13" hits="0" branch="False" />
              </lines>
            </method>
            <method name="Dispose" signature="()" line-rate="0" branch-rate="0" complexity="2">
              <lines>
                <line number="16" hits="0" branch="False" />
                <line number="17" hits="0" branch="True" condition-coverage="0% (0/2)">
                  <conditions>
                    <condition number="84" type="jump" coverage="0%" />
                  </conditions>
                </line>
                <line number="18" hits="0" branch="False" />
                <line number="19" hits="0" branch="False" />
                <line number="20" hits="0" branch="False" />
                <line number="21" hits="0" branch="False" />
              </lines>
            </method>
            <method name=".ctor" signature="()" line-rate="0" branch-rate="1" complexity="1">
              <lines>
                <line number="10" hits="0" branch="False" />
              </lines>
            </method>
          </methods>
          <lines>
            <line number="12" hits="0" branch="False" />
            <line number="13" hits="0" branch="False" />
            <line number="16" hits="0" branch="False" />
            <line number="17" hits="0" branch="True" condition-coverage="0% (0/2)">
              <conditions>
                <condition number="84" type="jump" coverage="0%" />
              </conditions>
            </line>
            <line number="18" hits="0" branch="False" />
            <line number="19" hits="0" branch="False" />
            <line number="20" hits="0" branch="False" />
            <line number="21" hits="0" branch="False" />
            <line number="10" hits="0" branch="False" />
          </lines>
        </class>
        <class name="Pipeline.Kafka.Client.ProducerFactory/ProducerConfigEqualityComparer" filename="Client\ProducerFactory.cs" line-rate="0" branch-rate="0" complexity="7">
          <methods>
            <method name="Equals" signature="(Confluent.Kafka.ProducerConfig,Confluent.Kafka.ProducerConfig)" line-rate="0" branch-rate="0" complexity="6">
              <lines>
                <line number="26" hits="0" branch="False" />
                <line number="27" hits="0" branch="True" condition-coverage="0% (0/2)">
                  <conditions>
                    <condition number="7" type="jump" coverage="0%" />
                  </conditions>
                </line>
                <line number="28" hits="0" branch="False" />
                <line number="29" hits="0" branch="False" />
                <line number="32" hits="0" branch="True" condition-coverage="0% (0/2)">
                  <conditions>
                    <condition number="23" type="jump" coverage="0%" />
                  </conditions>
                </line>
                <line number="33" hits="0" branch="False" />
                <line number="34" hits="0" branch="False" />
                <line number="37" hits="0" branch="True" condition-coverage="0% (0/2)">
                  <conditions>
                    <condition number="49" type="jump" coverage="0%" />
                  </conditions>
                </line>
                <line number="38" hits="0" branch="False" />
                <line number="39" hits="0" branch="False" />
                <line number="42" hits="0" branch="False" />
                <line number="43" hits="0" branch="False" />
              </lines>
            </method>
            <method name="GetHashCode" signature="(Confluent.Kafka.ProducerConfig)" line-rate="0" branch-rate="1" complexity="1">
              <lines>
                <line number="45" hits="0" branch="False" />
              </lines>
            </method>
          </methods>
          <lines>
            <line number="26" hits="0" branch="False" />
            <line number="27" hits="0" branch="True" condition-coverage="0% (0/2)">
              <conditions>
                <condition number="7" type="jump" coverage="0%" />
              </conditions>
            </line>
            <line number="28" hits="0" branch="False" />
            <line number="29" hits="0" branch="False" />
            <line number="32" hits="0" branch="True" condition-coverage="0% (0/2)">
              <conditions>
                <condition number="23" type="jump" coverage="0%" />
              </conditions>
            </line>
            <line number="33" hits="0" branch="False" />
            <line number="34" hits="0" branch="False" />
            <line number="37" hits="0" branch="True" condition-coverage="0% (0/2)">
              <conditions>
                <condition number="49" type="jump" coverage="0%" />
              </conditions>
            </line>
            <line number="38" hits="0" branch="False" />
            <line number="39" hits="0" branch="False" />
            <line number="42" hits="0" branch="False" />
            <line number="43" hits="0" branch="False" />
            <line number="45" hits="0" branch="False" />
          </lines>
        </class>
      </classes>
    </package>
  </packages>
</coverage>